GET /api/contacts 08-07-2023_04:17:50
GET /api/contacts 08-07-2023_04:19:39
GET /api/contacts 08-07-2023_04:20:21
GET /api/contacts 08-07-2023_04:20:29
GET /api/contacts 08-07-2023_04:23:31
GET /api/contacts 08-07-2023_04:29:30
GET /api/contacts/6460f17aff690bd9b1885e8e 08-07-2023_04:31:20
GET /api/contacts 08-07-2023_04:31:25
GET /api/contacts/AeHIrLTr6JkxGE6SN-0Rw 08-07-2023_04:31:32
GET /api/contacts 08-07-2023_04:32:23
GET /api/contacts/AeHIrLTr6JkxGE6SN-0Rw 08-07-2023_04:32:28
GET /api/contacts/AeHIrLTr6JkxGE6SN-0Rw 08-07-2023_04:32:46
GET /api/contacts/AeHIrLTr6JkxGE6SN-0Rw 08-07-2023_04:33:02
GET /api/contacts/AeHIrLTr6JkxGE6SN-0Rw 08-07-2023_04:33:12
POST /api/contacts/ 08-07-2023_04:33:46
POST /api/contacts/ 08-07-2023_04:34:54
POST /api/contacts/ 08-07-2023_04:35:08
DELETE /api/contacts/pfgfCMAqPJeo4IZES-4sZ 08-07-2023_04:40:45
DELETE /api/contacts/pfgfCMAqPJeo4IZES-4sZ 08-07-2023_04:40:55
DELETE /api/contacts/ 08-07-2023_04:41:54
POST /api/contacts/ 08-07-2023_04:41:58
DELETE /api/contacts/-Mp3TQREu-xYdjHsMXsf9 08-07-2023_04:42:07
DELETE /api/contacts/-Mp3TQREu-xYdjHsMXsf9 08-07-2023_04:42:11
DELETE /api/contacts/-Mp3TQREu-xYdjHsMXsf9 08-07-2023_04:42:49
POST /api/contacts/ 08-07-2023_04:42:58
DELETE /api/contacts/KQvUjGyumqyO90HOA0gsR 08-07-2023_04:43:06
GET / 08-07-2023_04:45:20
GET / 08-07-2023_04:45:26
GET /contacts?skip=10 08-07-2023_04:45:28
GET /contacts 08-07-2023_04:45:31
GET /contacts/ 08-07-2023_04:45:37
GET /api/contacts/ 08-07-2023_04:45:48
GET /api/contacts 10-07-2023_09:51:38
GET /api/contacts 10-07-2023_12:33:35
GET /api/contacts 10-07-2023_12:33:47
GET /api/contacts 10-07-2023_12:34:58
GET /api/contacts/qdggE76Jtbfd9eWJHrssH 10-07-2023_12:36:18
GET /api/contacts/qdggE76Jtbfd9eWJHrss 10-07-2023_12:41:30
GET /api/contacts/qdggE76Jtbfd9eWJHrssH 10-07-2023_12:41:33
GET /api/contacts/qdggE76Jtbfd9eWJHrssH 10-07-2023_12:44:37
GET /api/contacts/qdggE76Jtbfd9eWJHrss 10-07-2023_12:44:40
GET /api/contacts/qdggE76Jtbfd9eWJHrssH 10-07-2023_12:44:43
GET /api/contacts/qdggE76Jtbfd9eWJHrssH 10-07-2023_12:50:29
GET /api/contacts/qdggE76Jtbfd9eWJHrss 10-07-2023_12:50:31
GET /api/contacts/qdggE76Jtbfd9eWJHrssH 10-07-2023_12:50:34
GET /api/contacts/qdggE76Jtbfd9eWJHrssH 10-07-2023_12:55:38
GET /api/contacts 10-07-2023_12:56:40
GET /api/contacts 10-07-2023_12:56:49
POST /api/contacts/ 10-07-2023_06:46:08
GET /api/contacts 10-07-2023_06:46:14
POST /api/contacts/ 10-07-2023_06:46:20
GET /api/contacts/UUx3cbgcYcZdURVm_jDet 10-07-2023_06:46:31
DELETE /api/contacts/UUx3cbgcYcZdURVm_jDet 10-07-2023_06:46:38
GET /api/contacts 10-07-2023_10:42:50
GET /api/contacts 10-07-2023_10:43:30
GET /api/contacts 10-07-2023_10:51:47
GET /api/contacts 10-07-2023_10:52:01
GET /api/contacts 10-07-2023_10:53:19
GET /api/contacts 10-07-2023_10:54:23
GET /api/contacts 10-07-2023_11:09:58